d:\hoc funix\project\c++ nâng cao\project 4\cpp201x_asm4_trieubndfx20303@funix.edu.vn\cpp201x_asm4_trieubndfx20303@funix.edu.vn\debug\vc141.pdb
d:\hoc funix\project\c++ nâng cao\project 4\cpp201x_asm4_trieubndfx20303@funix.edu.vn\cpp201x_asm4_trieubndfx20303@funix.edu.vn\debug\vc141.idb
d:\hoc funix\project\c++ nâng cao\project 4\cpp201x_asm4_trieubndfx20303@funix.edu.vn\cpp201x_asm4_trieubndfx20303@funix.edu.vn\debug\system.obj
d:\hoc funix\project\c++ nâng cao\project 4\cpp201x_asm4_trieubndfx20303@funix.edu.vn\cpp201x_asm4_trieubndfx20303@funix.edu.vn\debug\sound.obj
d:\hoc funix\project\c++ nâng cao\project 4\cpp201x_asm4_trieubndfx20303@funix.edu.vn\cpp201x_asm4_trieubndfx20303@funix.edu.vn\debug\setting.obj
d:\hoc funix\project\c++ nâng cao\project 4\cpp201x_asm4_trieubndfx20303@funix.edu.vn\cpp201x_asm4_trieubndfx20303@funix.edu.vn\debug\main.obj
d:\hoc funix\project\c++ nâng cao\project 4\cpp201x_asm4_trieubndfx20303@funix.edu.vn\cpp201x_asm4_trieubndfx20303@funix.edu.vn\debug\infocar.obj
d:\hoc funix\project\c++ nâng cao\project 4\cpp201x_asm4_trieubndfx20303@funix.edu.vn\cpp201x_asm4_trieubndfx20303@funix.edu.vn\debug\general.obj
d:\hoc funix\project\c++ nâng cao\project 4\cpp201x_asm4_trieubndfx20303@funix.edu.vn\cpp201x_asm4_trieubndfx20303@funix.edu.vn\debug\display.obj
d:\hoc funix\project\c++ nâng cao\project 4\cpp201x_asm4_trieubndfx20303@funix.edu.vn\cpp201x_asm4_trieubndfx20303@funix.edu.vn\debug\commoninfo.obj
d:\hoc funix\project\c++ nâng cao\project 4\cpp201x_asm4_trieubndfx20303@funix.edu.vn\cpp201x_asm4_trieubndfx20303@funix.edu.vn\debug\binarytree.obj
d:\hoc funix\project\c++ nâng cao\project 4\cpp201x_asm4_trieubndfx20303@funix.edu.vn\debug\cpp201x_asm4_trieubndfx20303@funix.edu.vn.ilk
d:\hoc funix\project\c++ nâng cao\project 4\cpp201x_asm4_trieubndfx20303@funix.edu.vn\debug\cpp201x_asm4_trieubndfx20303@funix.edu.vn.exe
d:\hoc funix\project\c++ nâng cao\project 4\cpp201x_asm4_trieubndfx20303@funix.edu.vn\debug\cpp201x_asm4_trieubndfx20303@funix.edu.vn.pdb
d:\hoc funix\project\c++ nâng cao\project 4\cpp201x_asm4_trieubndfx20303@funix.edu.vn\cpp201x_asm4_trieubndfx20303@funix.edu.vn\debug\cpp201x_.04bc0060.tlog\cl.command.1.tlog
d:\hoc funix\project\c++ nâng cao\project 4\cpp201x_asm4_trieubndfx20303@funix.edu.vn\cpp201x_asm4_trieubndfx20303@funix.edu.vn\debug\cpp201x_.04bc0060.tlog\cl.read.1.tlog
d:\hoc funix\project\c++ nâng cao\project 4\cpp201x_asm4_trieubndfx20303@funix.edu.vn\cpp201x_asm4_trieubndfx20303@funix.edu.vn\debug\cpp201x_.04bc0060.tlog\cl.write.1.tlog
d:\hoc funix\project\c++ nâng cao\project 4\cpp201x_asm4_trieubndfx20303@funix.edu.vn\cpp201x_asm4_trieubndfx20303@funix.edu.vn\debug\cpp201x_.04bc0060.tlog\link.command.1.tlog
d:\hoc funix\project\c++ nâng cao\project 4\cpp201x_asm4_trieubndfx20303@funix.edu.vn\cpp201x_asm4_trieubndfx20303@funix.edu.vn\debug\cpp201x_.04bc0060.tlog\link.read.1.tlog
d:\hoc funix\project\c++ nâng cao\project 4\cpp201x_asm4_trieubndfx20303@funix.edu.vn\cpp201x_asm4_trieubndfx20303@funix.edu.vn\debug\cpp201x_.04bc0060.tlog\link.write.1.tlog
